<?xml version="1.0" encoding="UTF-8"?>
<testsuite xmlns:xsi="http://www.w3.org/2001/XMLSchema-instance" xsi:noNamespaceSchemaLocation="https://maven.apache.org/surefire/maven-surefire-plugin/xsd/surefire-test-report.xsd" name="employeeCrud.EmployeeControllerTest" time="4.575" tests="2" errors="0" skipped="0" failures="0">
  <properties>
[...]
</properties>
  <testcase name="getEmployee" classname="employeeCrud.EmployeeControllerTest" time="0.258"/>
  <testcase name="addEmployee" classname="employeeCrud.EmployeeControllerTest" time="0.065"/>
</testsuite>